[ 2023-12-07T01:12:11+08:00 ] ::1 /LifeTech_Bazaar/index.php/Home/Index/lists/special/1/category_code/03
INFO: [ app_init ] --START--
INFO: Run Behavior\BuildLiteBehavior [ RunTime:0.000009s ]
INFO: [ app_init ] --END-- [ RunTime:0.000487s ]
INFO: [ app_begin ] --START--
INFO: Run Behavior\ReadHtmlCacheBehavior [ RunTime:0.001128s ]
INFO: [ app_begin ] --END-- [ RunTime:0.001188s ]
SQL: SHOW COLUMNS FROM `category` [ RunTime:0.018278s ]
SQL: SELECT `name` FROM `category` WHERE ( code='03' ) LIMIT 1   [ RunTime:0.000390s ]
NOTIC: [8] Undefined variable: par_recommend C:\xampp\htdocs\LifeTech_Bazaar\Application\Home\Controller\IndexController.class.php 第 57 行.
NOTIC: [8] Undefined variable: par_special C:\xampp\htdocs\LifeTech_Bazaar\Application\Home\Controller\IndexController.class.php 第 63 行.
NOTIC: [8] Undefined variable: par_quarter C:\xampp\htdocs\LifeTech_Bazaar\Application\Home\Controller\IndexController.class.php 第 69 行.
NOTIC: [8] Undefined variable: par_price C:\xampp\htdocs\LifeTech_Bazaar\Application\Home\Controller\IndexController.class.php 第 75 行.
NOTIC: [8] Undefined index: price C:\xampp\htdocs\LifeTech_Bazaar\Application\Home\Controller\IndexController.class.php 第 81 行.
NOTIC: [8] Undefined index: quarter C:\xampp\htdocs\LifeTech_Bazaar\Application\Home\Controller\IndexController.class.php 第 84 行.
NOTIC: [8] Undefined index: title C:\xampp\htdocs\LifeTech_Bazaar\Application\Home\Controller\IndexController.class.php 第 87 行.
SQL: SHOW COLUMNS FROM `goods` [ RunTime:0.016323s ]
SQL: SELECT COUNT(*) AS tp_count FROM `goods` WHERE ( `special` = 1 ) AND ( `category_code` LIKE '03%' ) LIMIT 1   [ RunTime:0.000509s ]
SQL: SELECT * FROM `goods` WHERE ( `special` = 1 ) AND ( `category_code` LIKE '03%' ) LIMIT 0,10   [ RunTime:0.000545s ]
SQL: SHOW COLUMNS FROM `member` [ RunTime:0.015899s ]
SQL: SELECT * FROM `member` WHERE ( member= ) LIMIT 1   [ RunTime:0.000243s ]
ERR: 1064:You have an error in your SQL syntax; check the manual that corresponds to your MariaDB server version for the right syntax to use near ') LIMIT 1' at line 1
 [ SQL语句 ] : SELECT * FROM `member` WHERE ( member= ) LIMIT 1  
INFO: [ view_parse ] --START--
INFO: [ template_filter ] --START--
INFO: Run Behavior\ContentReplaceBehavior [ RunTime:0.000099s ]
INFO: [ template_filter ] --END-- [ RunTime:0.000132s ]
SQL: SELECT * FROM `category` WHERE ( length(code)=2 )  [ RunTime:0.000675s ]
NOTIC: [8] Undefined variable: category_father_link C:\xampp\htdocs\LifeTech_Bazaar\Application\Runtime\Cache\Home\72653c5b98bacce026832b51aa92934a.php 第 87 行.
SQL: SELECT * FROM `category` WHERE ( length(code)=2 )  [ RunTime:0.000397s ]
SQL: SELECT * FROM `category` WHERE ( length(code)=4 and code like '01%' )  [ RunTime:0.000385s ]
SQL: SELECT * FROM `category` WHERE ( length(code)=4 and code like '02%' )  [ RunTime:0.000606s ]
SQL: SELECT * FROM `category` WHERE ( length(code)=4 and code like '03%' )  [ RunTime:0.000448s ]
NOTIC: [8] Undefined index: recommend C:\xampp\htdocs\LifeTech_Bazaar\Application\Runtime\Cache\Home\72653c5b98bacce026832b51aa92934a.php 第 136 行.
NOTIC: [8] Undefined index: recommend C:\xampp\htdocs\LifeTech_Bazaar\Application\Runtime\Cache\Home\72653c5b98bacce026832b51aa92934a.php 第 137 行.
NOTIC: [8] Undefined index: recommend C:\xampp\htdocs\LifeTech_Bazaar\Application\Runtime\Cache\Home\72653c5b98bacce026832b51aa92934a.php 第 138 行.
NOTIC: [8] Undefined index: price C:\xampp\htdocs\LifeTech_Bazaar\Application\Runtime\Cache\Home\72653c5b98bacce026832b51aa92934a.php 第 145 行.
NOTIC: [8] Undefined index: price C:\xampp\htdocs\LifeTech_Bazaar\Application\Runtime\Cache\Home\72653c5b98bacce026832b51aa92934a.php 第 147 行.
NOTIC: [8] Undefined index: price C:\xampp\htdocs\LifeTech_Bazaar\Application\Runtime\Cache\Home\72653c5b98bacce026832b51aa92934a.php 第 149 行.
NOTIC: [8] Undefined index: price C:\xampp\htdocs\LifeTech_Bazaar\Application\Runtime\Cache\Home\72653c5b98bacce026832b51aa92934a.php 第 151 行.
INFO: Run Behavior\ParseTemplateBehavior [ RunTime:0.159122s ]
INFO: [ view_parse ] --END-- [ RunTime:0.159144s ]
INFO: [ view_filter ] --START--
INFO: Run Behavior\WriteHtmlCacheBehavior [ RunTime:0.000967s ]
INFO: [ view_filter ] --END-- [ RunTime:0.001003s ]
INFO: [ app_end ] --START--
INFO: Run Behavior\ShowPageTraceBehavior [ RunTime:0.001237s ]
INFO: [ app_end ] --END-- [ RunTime:0.001280s ]

[ 2023-12-07T01:12:11+08:00 ] ::1 /LifeTech_Bazaar/index.php/Home/Index/checkIsLogin
INFO: [ app_init ] --START--
INFO: Run Behavior\BuildLiteBehavior [ RunTime:0.000014s ]
INFO: [ app_init ] --END-- [ RunTime:0.000503s ]
INFO: [ app_begin ] --START--
INFO: Run Behavior\ReadHtmlCacheBehavior [ RunTime:0.000740s ]
INFO: [ app_begin ] --END-- [ RunTime:0.000775s ]
NOTIC: [8] Undefined index: account C:\xampp\htdocs\LifeTech_Bazaar\Application\Home\Controller\IndexController.class.php 第 207 行.
INFO: [ app_end ] --START--
INFO: Run Behavior\ShowPageTraceBehavior [ RunTime:0.000756s ]
INFO: [ app_end ] --END-- [ RunTime:0.000790s ]

[ 2023-12-07T01:12:13+08:00 ] ::1 /LifeTech_Bazaar/index.php/Home/Index/lists/special/0/category_code/03
INFO: [ app_init ] --START--
INFO: Run Behavior\BuildLiteBehavior [ RunTime:0.000010s ]
INFO: [ app_init ] --END-- [ RunTime:0.000335s ]
INFO: [ app_begin ] --START--
INFO: Run Behavior\ReadHtmlCacheBehavior [ RunTime:0.000509s ]
INFO: [ app_begin ] --END-- [ RunTime:0.000532s ]
SQL: SHOW COLUMNS FROM `category` [ RunTime:0.015042s ]
SQL: SELECT `name` FROM `category` WHERE ( code='03' ) LIMIT 1   [ RunTime:0.000474s ]
NOTIC: [8] Undefined variable: par_recommend C:\xampp\htdocs\LifeTech_Bazaar\Application\Home\Controller\IndexController.class.php 第 57 行.
NOTIC: [8] Undefined variable: par_special C:\xampp\htdocs\LifeTech_Bazaar\Application\Home\Controller\IndexController.class.php 第 63 行.
NOTIC: [8] Undefined variable: par_quarter C:\xampp\htdocs\LifeTech_Bazaar\Application\Home\Controller\IndexController.class.php 第 69 行.
NOTIC: [8] Undefined variable: par_price C:\xampp\htdocs\LifeTech_Bazaar\Application\Home\Controller\IndexController.class.php 第 75 行.
NOTIC: [8] Undefined index: price C:\xampp\htdocs\LifeTech_Bazaar\Application\Home\Controller\IndexController.class.php 第 81 行.
NOTIC: [8] Undefined index: quarter C:\xampp\htdocs\LifeTech_Bazaar\Application\Home\Controller\IndexController.class.php 第 84 行.
NOTIC: [8] Undefined index: title C:\xampp\htdocs\LifeTech_Bazaar\Application\Home\Controller\IndexController.class.php 第 87 行.
SQL: SHOW COLUMNS FROM `goods` [ RunTime:0.015722s ]
SQL: SELECT COUNT(*) AS tp_count FROM `goods` WHERE ( `special` = 0 ) AND ( `category_code` LIKE '03%' ) LIMIT 1   [ RunTime:0.000540s ]
SQL: SELECT * FROM `goods` WHERE ( `special` = 0 ) AND ( `category_code` LIKE '03%' ) LIMIT 0,10   [ RunTime:0.000611s ]
SQL: SHOW COLUMNS FROM `member` [ RunTime:0.015123s ]
SQL: SELECT * FROM `member` WHERE ( member= ) LIMIT 1   [ RunTime:0.000293s ]
ERR: 1064:You have an error in your SQL syntax; check the manual that corresponds to your MariaDB server version for the right syntax to use near ') LIMIT 1' at line 1
 [ SQL语句 ] : SELECT * FROM `member` WHERE ( member= ) LIMIT 1  
INFO: [ view_parse ] --START--
INFO: [ template_filter ] --START--
INFO: Run Behavior\ContentReplaceBehavior [ RunTime:0.000103s ]
INFO: [ template_filter ] --END-- [ RunTime:0.000137s ]
SQL: SELECT * FROM `category` WHERE ( length(code)=2 )  [ RunTime:0.000695s ]
NOTIC: [8] Undefined variable: category_father_link C:\xampp\htdocs\LifeTech_Bazaar\Application\Runtime\Cache\Home\72653c5b98bacce026832b51aa92934a.php 第 87 行.
SQL: SELECT * FROM `category` WHERE ( length(code)=2 )  [ RunTime:0.000702s ]
SQL: SELECT * FROM `category` WHERE ( length(code)=4 and code like '01%' )  [ RunTime:0.000634s ]
SQL: SELECT * FROM `category` WHERE ( length(code)=4 and code like '02%' )  [ RunTime:0.000560s ]
SQL: SELECT * FROM `category` WHERE ( length(code)=4 and code like '03%' )  [ RunTime:0.000543s ]
NOTIC: [8] Undefined index: recommend C:\xampp\htdocs\LifeTech_Bazaar\Application\Runtime\Cache\Home\72653c5b98bacce026832b51aa92934a.php 第 136 行.
NOTIC: [8] Undefined index: recommend C:\xampp\htdocs\LifeTech_Bazaar\Application\Runtime\Cache\Home\72653c5b98bacce026832b51aa92934a.php 第 137 行.
NOTIC: [8] Undefined index: recommend C:\xampp\htdocs\LifeTech_Bazaar\Application\Runtime\Cache\Home\72653c5b98bacce026832b51aa92934a.php 第 138 行.
NOTIC: [8] Undefined index: price C:\xampp\htdocs\LifeTech_Bazaar\Application\Runtime\Cache\Home\72653c5b98bacce026832b51aa92934a.php 第 145 行.
NOTIC: [8] Undefined index: price C:\xampp\htdocs\LifeTech_Bazaar\Application\Runtime\Cache\Home\72653c5b98bacce026832b51aa92934a.php 第 147 行.
NOTIC: [8] Undefined index: price C:\xampp\htdocs\LifeTech_Bazaar\Application\Runtime\Cache\Home\72653c5b98bacce026832b51aa92934a.php 第 149 行.
NOTIC: [8] Undefined index: price C:\xampp\htdocs\LifeTech_Bazaar\Application\Runtime\Cache\Home\72653c5b98bacce026832b51aa92934a.php 第 151 行.
INFO: Run Behavior\ParseTemplateBehavior [ RunTime:0.175317s ]
INFO: [ view_parse ] --END-- [ RunTime:0.175361s ]
INFO: [ view_filter ] --START--
INFO: Run Behavior\WriteHtmlCacheBehavior [ RunTime:0.000705s ]
INFO: [ view_filter ] --END-- [ RunTime:0.000731s ]
INFO: [ app_end ] --START--
INFO: Run Behavior\ShowPageTraceBehavior [ RunTime:0.000783s ]
INFO: [ app_end ] --END-- [ RunTime:0.000812s ]

[ 2023-12-07T01:12:13+08:00 ] ::1 /LifeTech_Bazaar/index.php/Home/Index/checkIsLogin
INFO: [ app_init ] --START--
INFO: Run Behavior\BuildLiteBehavior [ RunTime:0.000016s ]
INFO: [ app_init ] --END-- [ RunTime:0.000481s ]
INFO: [ app_begin ] --START--
INFO: Run Behavior\ReadHtmlCacheBehavior [ RunTime:0.000598s ]
INFO: [ app_begin ] --END-- [ RunTime:0.000627s ]
NOTIC: [8] Undefined index: account C:\xampp\htdocs\LifeTech_Bazaar\Application\Home\Controller\IndexController.class.php 第 207 行.
INFO: [ app_end ] --START--
INFO: Run Behavior\ShowPageTraceBehavior [ RunTime:0.000606s ]
INFO: [ app_end ] --END-- [ RunTime:0.000635s ]

[ 2023-12-07T01:12:14+08:00 ] ::1 /LifeTech_Bazaar/index.php/Home/Index/lists/category_code/03
INFO: [ app_init ] --START--
INFO: Run Behavior\BuildLiteBehavior [ RunTime:0.000011s ]
INFO: [ app_init ] --END-- [ RunTime:0.000396s ]
INFO: [ app_begin ] --START--
INFO: Run Behavior\ReadHtmlCacheBehavior [ RunTime:0.000736s ]
INFO: [ app_begin ] --END-- [ RunTime:0.000782s ]
SQL: SHOW COLUMNS FROM `category` [ RunTime:0.014831s ]
SQL: SELECT `name` FROM `category` WHERE ( code='03' ) LIMIT 1   [ RunTime:0.000536s ]
NOTIC: [8] Undefined variable: par_recommend C:\xampp\htdocs\LifeTech_Bazaar\Application\Home\Controller\IndexController.class.php 第 57 行.
NOTIC: [8] Undefined variable: par_special C:\xampp\htdocs\LifeTech_Bazaar\Application\Home\Controller\IndexController.class.php 第 63 行.
NOTIC: [8] Undefined variable: par_quarter C:\xampp\htdocs\LifeTech_Bazaar\Application\Home\Controller\IndexController.class.php 第 69 行.
NOTIC: [8] Undefined variable: par_price C:\xampp\htdocs\LifeTech_Bazaar\Application\Home\Controller\IndexController.class.php 第 75 行.
NOTIC: [8] Undefined index: price C:\xampp\htdocs\LifeTech_Bazaar\Application\Home\Controller\IndexController.class.php 第 81 行.
NOTIC: [8] Undefined index: quarter C:\xampp\htdocs\LifeTech_Bazaar\Application\Home\Controller\IndexController.class.php 第 84 行.
NOTIC: [8] Undefined index: title C:\xampp\htdocs\LifeTech_Bazaar\Application\Home\Controller\IndexController.class.php 第 87 行.
SQL: SHOW COLUMNS FROM `goods` [ RunTime:0.014988s ]
SQL: SELECT COUNT(*) AS tp_count FROM `goods` WHERE ( `category_code` LIKE '03%' ) LIMIT 1   [ RunTime:0.000567s ]
SQL: SELECT * FROM `goods` WHERE ( `category_code` LIKE '03%' ) LIMIT 0,10   [ RunTime:0.000721s ]
SQL: SHOW COLUMNS FROM `member` [ RunTime:0.014768s ]
SQL: SELECT * FROM `member` WHERE ( member= ) LIMIT 1   [ RunTime:0.000245s ]
ERR: 1064:You have an error in your SQL syntax; check the manual that corresponds to your MariaDB server version for the right syntax to use near ') LIMIT 1' at line 1
 [ SQL语句 ] : SELECT * FROM `member` WHERE ( member= ) LIMIT 1  
INFO: [ view_parse ] --START--
INFO: [ template_filter ] --START--
INFO: Run Behavior\ContentReplaceBehavior [ RunTime:0.000106s ]
INFO: [ template_filter ] --END-- [ RunTime:0.000142s ]
SQL: SELECT * FROM `category` WHERE ( length(code)=2 )  [ RunTime:0.000585s ]
NOTIC: [8] Undefined variable: category_father_link C:\xampp\htdocs\LifeTech_Bazaar\Application\Runtime\Cache\Home\72653c5b98bacce026832b51aa92934a.php 第 87 行.
SQL: SELECT * FROM `category` WHERE ( length(code)=2 )  [ RunTime:0.000337s ]
SQL: SELECT * FROM `category` WHERE ( length(code)=4 and code like '01%' )  [ RunTime:0.000274s ]
SQL: SELECT * FROM `category` WHERE ( length(code)=4 and code like '02%' )  [ RunTime:0.000242s ]
SQL: SELECT * FROM `category` WHERE ( length(code)=4 and code like '03%' )  [ RunTime:0.000204s ]
NOTIC: [8] Undefined index: special C:\xampp\htdocs\LifeTech_Bazaar\Application\Runtime\Cache\Home\72653c5b98bacce026832b51aa92934a.php 第 129 行.
NOTIC: [8] Undefined index: special C:\xampp\htdocs\LifeTech_Bazaar\Application\Runtime\Cache\Home\72653c5b98bacce026832b51aa92934a.php 第 130 行.
NOTIC: [8] Undefined index: special C:\xampp\htdocs\LifeTech_Bazaar\Application\Runtime\Cache\Home\72653c5b98bacce026832b51aa92934a.php 第 131 行.
NOTIC: [8] Undefined index: recommend C:\xampp\htdocs\LifeTech_Bazaar\Application\Runtime\Cache\Home\72653c5b98bacce026832b51aa92934a.php 第 136 行.
NOTIC: [8] Undefined index: recommend C:\xampp\htdocs\LifeTech_Bazaar\Application\Runtime\Cache\Home\72653c5b98bacce026832b51aa92934a.php 第 137 行.
NOTIC: [8] Undefined index: recommend C:\xampp\htdocs\LifeTech_Bazaar\Application\Runtime\Cache\Home\72653c5b98bacce026832b51aa92934a.php 第 138 行.
NOTIC: [8] Undefined index: price C:\xampp\htdocs\LifeTech_Bazaar\Application\Runtime\Cache\Home\72653c5b98bacce026832b51aa92934a.php 第 145 行.
NOTIC: [8] Undefined index: price C:\xampp\htdocs\LifeTech_Bazaar\Application\Runtime\Cache\Home\72653c5b98bacce026832b51aa92934a.php 第 147 行.
NOTIC: [8] Undefined index: price C:\xampp\htdocs\LifeTech_Bazaar\Application\Runtime\Cache\Home\72653c5b98bacce026832b51aa92934a.php 第 149 行.
NOTIC: [8] Undefined index: price C:\xampp\htdocs\LifeTech_Bazaar\Application\Runtime\Cache\Home\72653c5b98bacce026832b51aa92934a.php 第 151 行.
INFO: Run Behavior\ParseTemplateBehavior [ RunTime:0.152579s ]
INFO: [ view_parse ] --END-- [ RunTime:0.152599s ]
INFO: [ view_filter ] --START--
INFO: Run Behavior\WriteHtmlCacheBehavior [ RunTime:0.000541s ]
INFO: [ view_filter ] --END-- [ RunTime:0.000560s ]
INFO: [ app_end ] --START--
INFO: Run Behavior\ShowPageTraceBehavior [ RunTime:0.000651s ]
INFO: [ app_end ] --END-- [ RunTime:0.000674s ]

[ 2023-12-07T01:12:15+08:00 ] ::1 /LifeTech_Bazaar/index.php/Home/Index/checkIsLogin
INFO: [ app_init ] --START--
INFO: Run Behavior\BuildLiteBehavior [ RunTime:0.000010s ]
INFO: [ app_init ] --END-- [ RunTime:0.000337s ]
INFO: [ app_begin ] --START--
INFO: Run Behavior\ReadHtmlCacheBehavior [ RunTime:0.000509s ]
INFO: [ app_begin ] --END-- [ RunTime:0.000530s ]
NOTIC: [8] Undefined index: account C:\xampp\htdocs\LifeTech_Bazaar\Application\Home\Controller\IndexController.class.php 第 207 行.
INFO: [ app_end ] --START--
INFO: Run Behavior\ShowPageTraceBehavior [ RunTime:0.000603s ]
INFO: [ app_end ] --END-- [ RunTime:0.000625s ]

[ 2023-12-07T01:12:18+08:00 ] ::1 /LifeTech_Bazaar/index.php/Home/Index/lists/price/0,99/category_code/03
INFO: [ app_init ] --START--
INFO: Run Behavior\BuildLiteBehavior [ RunTime:0.000011s ]
INFO: [ app_init ] --END-- [ RunTime:0.000415s ]
INFO: [ app_begin ] --START--
INFO: Run Behavior\ReadHtmlCacheBehavior [ RunTime:0.000655s ]
INFO: [ app_begin ] --END-- [ RunTime:0.000692s ]
SQL: SHOW COLUMNS FROM `category` [ RunTime:0.015633s ]
SQL: SELECT `name` FROM `category` WHERE ( code='03' ) LIMIT 1   [ RunTime:0.000394s ]
NOTIC: [8] Undefined variable: par_recommend C:\xampp\htdocs\LifeTech_Bazaar\Application\Home\Controller\IndexController.class.php 第 57 行.
NOTIC: [8] Undefined variable: par_special C:\xampp\htdocs\LifeTech_Bazaar\Application\Home\Controller\IndexController.class.php 第 63 行.
NOTIC: [8] Undefined variable: par_quarter C:\xampp\htdocs\LifeTech_Bazaar\Application\Home\Controller\IndexController.class.php 第 69 行.
NOTIC: [8] Undefined variable: par_price C:\xampp\htdocs\LifeTech_Bazaar\Application\Home\Controller\IndexController.class.php 第 75 行.
NOTIC: [8] Undefined index: quarter C:\xampp\htdocs\LifeTech_Bazaar\Application\Home\Controller\IndexController.class.php 第 84 行.
NOTIC: [8] Undefined index: title C:\xampp\htdocs\LifeTech_Bazaar\Application\Home\Controller\IndexController.class.php 第 87 行.
SQL: SHOW COLUMNS FROM `goods` [ RunTime:0.016441s ]
SQL: SELECT COUNT(*) AS tp_count FROM `goods` WHERE (  (`price` BETWEEN '0' AND '99' ) ) AND ( `category_code` LIKE '03%' ) LIMIT 1   [ RunTime:0.000435s ]
SQL: SELECT * FROM `goods` WHERE (  (`price` BETWEEN '0' AND '99' ) ) AND ( `category_code` LIKE '03%' ) LIMIT 0,10   [ RunTime:0.000468s ]
SQL: SHOW COLUMNS FROM `member` [ RunTime:0.016187s ]
SQL: SELECT * FROM `member` WHERE ( member= ) LIMIT 1   [ RunTime:0.000173s ]
ERR: 1064:You have an error in your SQL syntax; check the manual that corresponds to your MariaDB server version for the right syntax to use near ') LIMIT 1' at line 1
 [ SQL语句 ] : SELECT * FROM `member` WHERE ( member= ) LIMIT 1  
INFO: [ view_parse ] --START--
INFO: [ template_filter ] --START--
INFO: Run Behavior\ContentReplaceBehavior [ RunTime:0.000107s ]
INFO: [ template_filter ] --END-- [ RunTime:0.000141s ]
SQL: SELECT * FROM `category` WHERE ( length(code)=2 )  [ RunTime:0.000667s ]
NOTIC: [8] Undefined variable: category_father_link C:\xampp\htdocs\LifeTech_Bazaar\Application\Runtime\Cache\Home\72653c5b98bacce026832b51aa92934a.php 第 87 行.
SQL: SELECT * FROM `category` WHERE ( length(code)=2 )  [ RunTime:0.000233s ]
SQL: SELECT * FROM `category` WHERE ( length(code)=4 and code like '01%' )  [ RunTime:0.000229s ]
SQL: SELECT * FROM `category` WHERE ( length(code)=4 and code like '02%' )  [ RunTime:0.000203s ]
SQL: SELECT * FROM `category` WHERE ( length(code)=4 and code like '03%' )  [ RunTime:0.000516s ]
NOTIC: [8] Undefined index: special C:\xampp\htdocs\LifeTech_Bazaar\Application\Runtime\Cache\Home\72653c5b98bacce026832b51aa92934a.php 第 129 行.
NOTIC: [8] Undefined index: special C:\xampp\htdocs\LifeTech_Bazaar\Application\Runtime\Cache\Home\72653c5b98bacce026832b51aa92934a.php 第 130 行.
NOTIC: [8] Undefined index: special C:\xampp\htdocs\LifeTech_Bazaar\Application\Runtime\Cache\Home\72653c5b98bacce026832b51aa92934a.php 第 131 行.
NOTIC: [8] Undefined index: recommend C:\xampp\htdocs\LifeTech_Bazaar\Application\Runtime\Cache\Home\72653c5b98bacce026832b51aa92934a.php 第 136 行.
NOTIC: [8] Undefined index: recommend C:\xampp\htdocs\LifeTech_Bazaar\Application\Runtime\Cache\Home\72653c5b98bacce026832b51aa92934a.php 第 137 行.
NOTIC: [8] Undefined index: recommend C:\xampp\htdocs\LifeTech_Bazaar\Application\Runtime\Cache\Home\72653c5b98bacce026832b51aa92934a.php 第 138 行.
INFO: Run Behavior\ParseTemplateBehavior [ RunTime:0.161340s ]
INFO: [ view_parse ] --END-- [ RunTime:0.161359s ]
INFO: [ view_filter ] --START--
INFO: Run Behavior\WriteHtmlCacheBehavior [ RunTime:0.000649s ]
INFO: [ view_filter ] --END-- [ RunTime:0.000669s ]
INFO: [ app_end ] --START--
INFO: Run Behavior\ShowPageTraceBehavior [ RunTime:0.000738s ]
INFO: [ app_end ] --END-- [ RunTime:0.000761s ]

[ 2023-12-07T01:12:18+08:00 ] ::1 /LifeTech_Bazaar/index.php/Home/Index/checkIsLogin
INFO: [ app_init ] --START--
INFO: Run Behavior\BuildLiteBehavior [ RunTime:0.000014s ]
INFO: [ app_init ] --END-- [ RunTime:0.000421s ]
INFO: [ app_begin ] --START--
INFO: Run Behavior\ReadHtmlCacheBehavior [ RunTime:0.000754s ]
INFO: [ app_begin ] --END-- [ RunTime:0.000798s ]
NOTIC: [8] Undefined index: account C:\xampp\htdocs\LifeTech_Bazaar\Application\Home\Controller\IndexController.class.php 第 207 行.
INFO: [ app_end ] --START--
INFO: Run Behavior\ShowPageTraceBehavior [ RunTime:0.000673s ]
INFO: [ app_end ] --END-- [ RunTime:0.000715s ]

[ 2023-12-07T01:12:19+08:00 ] ::1 /LifeTech_Bazaar/index.php/Home/Index/lists/price/99,299/category_code/03
INFO: [ app_init ] --START--
INFO: Run Behavior\BuildLiteBehavior [ RunTime:0.000021s ]
INFO: [ app_init ] --END-- [ RunTime:0.000645s ]
INFO: [ app_begin ] --START--
INFO: Run Behavior\ReadHtmlCacheBehavior [ RunTime:0.001182s ]
INFO: [ app_begin ] --END-- [ RunTime:0.001256s ]
SQL: SHOW COLUMNS FROM `category` [ RunTime:0.015167s ]
SQL: SELECT `name` FROM `category` WHERE ( code='03' ) LIMIT 1   [ RunTime:0.000598s ]
NOTIC: [8] Undefined variable: par_recommend C:\xampp\htdocs\LifeTech_Bazaar\Application\Home\Controller\IndexController.class.php 第 57 行.
NOTIC: [8] Undefined variable: par_special C:\xampp\htdocs\LifeTech_Bazaar\Application\Home\Controller\IndexController.class.php 第 63 行.
NOTIC: [8] Undefined variable: par_quarter C:\xampp\htdocs\LifeTech_Bazaar\Application\Home\Controller\IndexController.class.php 第 69 行.
NOTIC: [8] Undefined variable: par_price C:\xampp\htdocs\LifeTech_Bazaar\Application\Home\Controller\IndexController.class.php 第 75 行.
NOTIC: [8] Undefined index: quarter C:\xampp\htdocs\LifeTech_Bazaar\Application\Home\Controller\IndexController.class.php 第 84 行.
NOTIC: [8] Undefined index: title C:\xampp\htdocs\LifeTech_Bazaar\Application\Home\Controller\IndexController.class.php 第 87 行.
SQL: SHOW COLUMNS FROM `goods` [ RunTime:0.017280s ]
SQL: SELECT COUNT(*) AS tp_count FROM `goods` WHERE (  (`price` BETWEEN '99' AND '299' ) ) AND ( `category_code` LIKE '03%' ) LIMIT 1   [ RunTime:0.000469s ]
SQL: SELECT * FROM `goods` WHERE (  (`price` BETWEEN '99' AND '299' ) ) AND ( `category_code` LIKE '03%' ) LIMIT 0,10   [ RunTime:0.000424s ]
SQL: SHOW COLUMNS FROM `member` [ RunTime:0.015192s ]
SQL: SELECT * FROM `member` WHERE ( member= ) LIMIT 1   [ RunTime:0.000244s ]
ERR: 1064:You have an error in your SQL syntax; check the manual that corresponds to your MariaDB server version for the right syntax to use near ') LIMIT 1' at line 1
 [ SQL语句 ] : SELECT * FROM `member` WHERE ( member= ) LIMIT 1  
INFO: [ view_parse ] --START--
INFO: [ template_filter ] --START--
INFO: Run Behavior\ContentReplaceBehavior [ RunTime:0.000096s ]
INFO: [ template_filter ] --END-- [ RunTime:0.000130s ]
SQL: SELECT * FROM `category` WHERE ( length(code)=2 )  [ RunTime:0.000755s ]
NOTIC: [8] Undefined variable: category_father_link C:\xampp\htdocs\LifeTech_Bazaar\Application\Runtime\Cache\Home\72653c5b98bacce026832b51aa92934a.php 第 87 行.
SQL: SELECT * FROM `category` WHERE ( length(code)=2 )  [ RunTime:0.000462s ]
SQL: SELECT * FROM `category` WHERE ( length(code)=4 and code like '01%' )  [ RunTime:0.000341s ]
SQL: SELECT * FROM `category` WHERE ( length(code)=4 and code like '02%' )  [ RunTime:0.000226s ]
SQL: SELECT * FROM `category` WHERE ( length(code)=4 and code like '03%' )  [ RunTime:0.000238s ]
NOTIC: [8] Undefined index: special C:\xampp\htdocs\LifeTech_Bazaar\Application\Runtime\Cache\Home\72653c5b98bacce026832b51aa92934a.php 第 129 行.
NOTIC: [8] Undefined index: special C:\xampp\htdocs\LifeTech_Bazaar\Application\Runtime\Cache\Home\72653c5b98bacce026832b51aa92934a.php 第 130 行.
NOTIC: [8] Undefined index: special C:\xampp\htdocs\LifeTech_Bazaar\Application\Runtime\Cache\Home\72653c5b98bacce026832b51aa92934a.php 第 131 行.
NOTIC: [8] Undefined index: recommend C:\xampp\htdocs\LifeTech_Bazaar\Application\Runtime\Cache\Home\72653c5b98bacce026832b51aa92934a.php 第 136 行.
NOTIC: [8] Undefined index: recommend C:\xampp\htdocs\LifeTech_Bazaar\Application\Runtime\Cache\Home\72653c5b98bacce026832b51aa92934a.php 第 137 行.
NOTIC: [8] Undefined index: recommend C:\xampp\htdocs\LifeTech_Bazaar\Application\Runtime\Cache\Home\72653c5b98bacce026832b51aa92934a.php 第 138 行.
INFO: Run Behavior\ParseTemplateBehavior [ RunTime:0.151058s ]
INFO: [ view_parse ] --END-- [ RunTime:0.151078s ]
INFO: [ view_filter ] --START--
INFO: Run Behavior\WriteHtmlCacheBehavior [ RunTime:0.000836s ]
INFO: [ view_filter ] --END-- [ RunTime:0.000866s ]
INFO: [ app_end ] --START--
INFO: Run Behavior\ShowPageTraceBehavior [ RunTime:0.000992s ]
INFO: [ app_end ] --END-- [ RunTime:0.001026s ]

[ 2023-12-07T01:12:19+08:00 ] ::1 /LifeTech_Bazaar/index.php/Home/Index/checkIsLogin
INFO: [ app_init ] --START--
INFO: Run Behavior\BuildLiteBehavior [ RunTime:0.000012s ]
INFO: [ app_init ] --END-- [ RunTime:0.000463s ]
INFO: [ app_begin ] --START--
INFO: Run Behavior\ReadHtmlCacheBehavior [ RunTime:0.000654s ]
INFO: [ app_begin ] --END-- [ RunTime:0.000694s ]
NOTIC: [8] Undefined index: account C:\xampp\htdocs\LifeTech_Bazaar\Application\Home\Controller\IndexController.class.php 第 207 行.
INFO: [ app_end ] --START--
INFO: Run Behavior\ShowPageTraceBehavior [ RunTime:0.000779s ]
INFO: [ app_end ] --END-- [ RunTime:0.000819s ]

[ 2023-12-07T01:12:21+08:00 ] ::1 /LifeTech_Bazaar/index.php/Home/Index/lists//category_code/03
INFO: [ app_init ] --START--
INFO: Run Behavior\BuildLiteBehavior [ RunTime:0.000009s ]
INFO: [ app_init ] --END-- [ RunTime:0.000360s ]
INFO: [ app_begin ] --START--
INFO: Run Behavior\ReadHtmlCacheBehavior [ RunTime:0.000525s ]
INFO: [ app_begin ] --END-- [ RunTime:0.000550s ]
SQL: SHOW COLUMNS FROM `category` [ RunTime:0.014436s ]
SQL: SELECT `name` FROM `category` WHERE ( code='03' ) LIMIT 1   [ RunTime:0.000456s ]
NOTIC: [8] Undefined variable: par_recommend C:\xampp\htdocs\LifeTech_Bazaar\Application\Home\Controller\IndexController.class.php 第 57 行.
NOTIC: [8] Undefined variable: par_special C:\xampp\htdocs\LifeTech_Bazaar\Application\Home\Controller\IndexController.class.php 第 63 行.
NOTIC: [8] Undefined variable: par_quarter C:\xampp\htdocs\LifeTech_Bazaar\Application\Home\Controller\IndexController.class.php 第 69 行.
NOTIC: [8] Undefined variable: par_price C:\xampp\htdocs\LifeTech_Bazaar\Application\Home\Controller\IndexController.class.php 第 75 行.
NOTIC: [8] Undefined index: price C:\xampp\htdocs\LifeTech_Bazaar\Application\Home\Controller\IndexController.class.php 第 81 行.
NOTIC: [8] Undefined index: quarter C:\xampp\htdocs\LifeTech_Bazaar\Application\Home\Controller\IndexController.class.php 第 84 行.
NOTIC: [8] Undefined index: title C:\xampp\htdocs\LifeTech_Bazaar\Application\Home\Controller\IndexController.class.php 第 87 行.
SQL: SHOW COLUMNS FROM `goods` [ RunTime:0.014721s ]
SQL: SELECT COUNT(*) AS tp_count FROM `goods` WHERE ( `category_code` LIKE '03%' ) LIMIT 1   [ RunTime:0.000502s ]
SQL: SELECT * FROM `goods` WHERE ( `category_code` LIKE '03%' ) LIMIT 0,10   [ RunTime:0.000755s ]
SQL: SHOW COLUMNS FROM `member` [ RunTime:0.014578s ]
SQL: SELECT * FROM `member` WHERE ( member= ) LIMIT 1   [ RunTime:0.000252s ]
ERR: 1064:You have an error in your SQL syntax; check the manual that corresponds to your MariaDB server version for the right syntax to use near ') LIMIT 1' at line 1
 [ SQL语句 ] : SELECT * FROM `member` WHERE ( member= ) LIMIT 1  
INFO: [ view_parse ] --START--
INFO: [ template_filter ] --START--
INFO: Run Behavior\ContentReplaceBehavior [ RunTime:0.000100s ]
INFO: [ template_filter ] --END-- [ RunTime:0.000131s ]
SQL: SELECT * FROM `category` WHERE ( length(code)=2 )  [ RunTime:0.000578s ]
NOTIC: [8] Undefined variable: category_father_link C:\xampp\htdocs\LifeTech_Bazaar\Application\Runtime\Cache\Home\72653c5b98bacce026832b51aa92934a.php 第 87 行.
SQL: SELECT * FROM `category` WHERE ( length(code)=2 )  [ RunTime:0.000229s ]
SQL: SELECT * FROM `category` WHERE ( length(code)=4 and code like '01%' )  [ RunTime:0.000234s ]
SQL: SELECT * FROM `category` WHERE ( length(code)=4 and code like '02%' )  [ RunTime:0.000226s ]
SQL: SELECT * FROM `category` WHERE ( length(code)=4 and code like '03%' )  [ RunTime:0.000224s ]
NOTIC: [8] Undefined index: special C:\xampp\htdocs\LifeTech_Bazaar\Application\Runtime\Cache\Home\72653c5b98bacce026832b51aa92934a.php 第 129 行.
NOTIC: [8] Undefined index: special C:\xampp\htdocs\LifeTech_Bazaar\Application\Runtime\Cache\Home\72653c5b98bacce026832b51aa92934a.php 第 130 行.
NOTIC: [8] Undefined index: special C:\xampp\htdocs\LifeTech_Bazaar\Application\Runtime\Cache\Home\72653c5b98bacce026832b51aa92934a.php 第 131 行.
NOTIC: [8] Undefined index: recommend C:\xampp\htdocs\LifeTech_Bazaar\Application\Runtime\Cache\Home\72653c5b98bacce026832b51aa92934a.php 第 136 行.
NOTIC: [8] Undefined index: recommend C:\xampp\htdocs\LifeTech_Bazaar\Application\Runtime\Cache\Home\72653c5b98bacce026832b51aa92934a.php 第 137 行.
NOTIC: [8] Undefined index: recommend C:\xampp\htdocs\LifeTech_Bazaar\Application\Runtime\Cache\Home\72653c5b98bacce026832b51aa92934a.php 第 138 行.
NOTIC: [8] Undefined index: price C:\xampp\htdocs\LifeTech_Bazaar\Application\Runtime\Cache\Home\72653c5b98bacce026832b51aa92934a.php 第 145 行.
NOTIC: [8] Undefined index: price C:\xampp\htdocs\LifeTech_Bazaar\Application\Runtime\Cache\Home\72653c5b98bacce026832b51aa92934a.php 第 147 行.
NOTIC: [8] Undefined index: price C:\xampp\htdocs\LifeTech_Bazaar\Application\Runtime\Cache\Home\72653c5b98bacce026832b51aa92934a.php 第 149 行.
NOTIC: [8] Undefined index: price C:\xampp\htdocs\LifeTech_Bazaar\Application\Runtime\Cache\Home\72653c5b98bacce026832b51aa92934a.php 第 151 行.
INFO: Run Behavior\ParseTemplateBehavior [ RunTime:0.155824s ]
INFO: [ view_parse ] --END-- [ RunTime:0.155842s ]
INFO: [ view_filter ] --START--
INFO: Run Behavior\WriteHtmlCacheBehavior [ RunTime:0.000513s ]
INFO: [ view_filter ] --END-- [ RunTime:0.000533s ]
INFO: [ app_end ] --START--
INFO: Run Behavior\ShowPageTraceBehavior [ RunTime:0.000730s ]
INFO: [ app_end ] --END-- [ RunTime:0.000755s ]

[ 2023-12-07T01:12:21+08:00 ] ::1 /LifeTech_Bazaar/index.php/Home/Index/checkIsLogin
INFO: [ app_init ] --START--
INFO: Run Behavior\BuildLiteBehavior [ RunTime:0.000012s ]
INFO: [ app_init ] --END-- [ RunTime:0.000469s ]
INFO: [ app_begin ] --START--
INFO: Run Behavior\ReadHtmlCacheBehavior [ RunTime:0.000721s ]
INFO: [ app_begin ] --END-- [ RunTime:0.000763s ]
NOTIC: [8] Undefined index: account C:\xampp\htdocs\LifeTech_Bazaar\Application\Home\Controller\IndexController.class.php 第 207 行.
INFO: [ app_end ] --START--
INFO: Run Behavior\ShowPageTraceBehavior [ RunTime:0.000676s ]
INFO: [ app_end ] --END-- [ RunTime:0.000713s ]

[ 2023-12-07T01:34:27+08:00 ] ::1 /LifeTech_Bazaar/index.php/Home/Index/index
INFO: [ app_init ] --START--
INFO: Run Behavior\BuildLiteBehavior [ RunTime:0.000017s ]
INFO: [ app_init ] --END-- [ RunTime:0.000507s ]
INFO: [ app_begin ] --START--
INFO: Run Behavior\ReadHtmlCacheBehavior [ RunTime:0.000906s ]
INFO: [ app_begin ] --END-- [ RunTime:0.000949s ]
SQL: SHOW COLUMNS FROM `goods` [ RunTime:0.015704s ]
SQL: SELECT * FROM `goods` WHERE ( recommend>0 and status=0 ) LIMIT 3   [ RunTime:0.000591s ]
SQL: SHOW COLUMNS FROM `member` [ RunTime:0.015694s ]
SQL: SELECT * FROM `member` WHERE ( id=0 ) LIMIT 1   [ RunTime:0.000534s ]
SQL: SELECT * FROM `member` WHERE ( id=0 ) LIMIT 1   [ RunTime:0.000359s ]
SQL: SELECT * FROM `member` WHERE ( id=0 ) LIMIT 1   [ RunTime:0.000219s ]
SQL: SHOW COLUMNS FROM `category` [ RunTime:0.015705s ]
SQL: SELECT * FROM `category` WHERE ( length(code)=2 )  [ RunTime:0.000528s ]
SQL: SELECT * FROM `category` WHERE ( length(code)=4 and code like '01%' )  [ RunTime:0.000265s ]
SQL: SELECT * FROM `goods` WHERE ( category_code like '01%' ) LIMIT 3   [ RunTime:0.000300s ]
SQL: SELECT * FROM `member` WHERE ( id=0 ) LIMIT 1   [ RunTime:0.000225s ]
SQL: SELECT * FROM `member` WHERE ( id=0 ) LIMIT 1   [ RunTime:0.000203s ]
SQL: SELECT * FROM `member` WHERE ( id=0 ) LIMIT 1   [ RunTime:0.000204s ]
SQL: SELECT * FROM `category` WHERE ( length(code)=4 and code like '02%' )  [ RunTime:0.000237s ]
SQL: SELECT * FROM `goods` WHERE ( category_code like '02%' ) LIMIT 3   [ RunTime:0.000257s ]
SQL: SELECT * FROM `member` WHERE ( id=0 ) LIMIT 1   [ RunTime:0.000216s ]
SQL: SELECT * FROM `member` WHERE ( id=0 ) LIMIT 1   [ RunTime:0.000204s ]
SQL: SELECT * FROM `member` WHERE ( id=0 ) LIMIT 1   [ RunTime:0.000205s ]
SQL: SELECT * FROM `category` WHERE ( length(code)=4 and code like '03%' )  [ RunTime:0.000232s ]
SQL: SELECT * FROM `goods` WHERE ( category_code like '03%' ) LIMIT 3   [ RunTime:0.000750s ]
SQL: SELECT * FROM `member` WHERE ( id=0 ) LIMIT 1   [ RunTime:0.000516s ]
SQL: SELECT * FROM `member` WHERE ( id=0 ) LIMIT 1   [ RunTime:0.000314s ]
SQL: SELECT * FROM `member` WHERE ( id=0 ) LIMIT 1   [ RunTime:0.000311s ]
INFO: [ view_parse ] --START--
NOTIC: [2] file_get_contents(./Application/Home/View/Include/noticeLeft.html): failed to open stream: No such file or directory C:\xampp\htdocs\LifeTech_Bazaar\ThinkPHP\Library\Think\Template.class.php 第 696 行.
INFO: [ template_filter ] --START--
INFO: Run Behavior\ContentReplaceBehavior [ RunTime:0.000102s ]
INFO: [ template_filter ] --END-- [ RunTime:0.000139s ]
SQL: SELECT * FROM `category` WHERE ( length(code)=2 )  [ RunTime:0.000479s ]
NOTIC: [8] Undefined index: category_code C:\xampp\htdocs\LifeTech_Bazaar\Application\Runtime\Cache\Home\2a94b8bda04ff446dcedd42276fc99ee.php 第 96 行.
NOTIC: [8] Undefined index: category_code C:\xampp\htdocs\LifeTech_Bazaar\Application\Runtime\Cache\Home\2a94b8bda04ff446dcedd42276fc99ee.php 第 96 行.
NOTIC: [8] Undefined index: category_code C:\xampp\htdocs\LifeTech_Bazaar\Application\Runtime\Cache\Home\2a94b8bda04ff446dcedd42276fc99ee.php 第 96 行.
SQL: SELECT * FROM `category` WHERE ( length(code)=2 )  [ RunTime:0.000305s ]
SQL: SELECT * FROM `category` WHERE ( length(code)=4 and code like '01%' )  [ RunTime:0.000219s ]
SQL: SELECT * FROM `category` WHERE ( length(code)=4 and code like '02%' )  [ RunTime:0.000211s ]
SQL: SELECT * FROM `category` WHERE ( length(code)=4 and code like '03%' )  [ RunTime:0.000210s ]
NOTIC: [8] Undefined index: category_code C:\xampp\htdocs\LifeTech_Bazaar\Application\Runtime\Cache\Home\2a94b8bda04ff446dcedd42276fc99ee.php 第 144 行.
NOTIC: [8] Undefined index: category_code C:\xampp\htdocs\LifeTech_Bazaar\Application\Runtime\Cache\Home\2a94b8bda04ff446dcedd42276fc99ee.php 第 145 行.
NOTIC: [8] Undefined index: category_code C:\xampp\htdocs\LifeTech_Bazaar\Application\Runtime\Cache\Home\2a94b8bda04ff446dcedd42276fc99ee.php 第 145 行.
NOTIC: [8] Undefined index: category_code C:\xampp\htdocs\LifeTech_Bazaar\Application\Runtime\Cache\Home\2a94b8bda04ff446dcedd42276fc99ee.php 第 145 行.
NOTIC: [8] Undefined index: category_code C:\xampp\htdocs\LifeTech_Bazaar\Application\Runtime\Cache\Home\2a94b8bda04ff446dcedd42276fc99ee.php 第 144 行.
NOTIC: [8] Undefined index: category_code C:\xampp\htdocs\LifeTech_Bazaar\Application\Runtime\Cache\Home\2a94b8bda04ff446dcedd42276fc99ee.php 第 145 行.
NOTIC: [8] Undefined index: category_code C:\xampp\htdocs\LifeTech_Bazaar\Application\Runtime\Cache\Home\2a94b8bda04ff446dcedd42276fc99ee.php 第 145 行.
NOTIC: [8] Undefined index: category_code C:\xampp\htdocs\LifeTech_Bazaar\Application\Runtime\Cache\Home\2a94b8bda04ff446dcedd42276fc99ee.php 第 145 行.
NOTIC: [8] Undefined index: category_code C:\xampp\htdocs\LifeTech_Bazaar\Application\Runtime\Cache\Home\2a94b8bda04ff446dcedd42276fc99ee.php 第 145 行.
NOTIC: [8] Undefined index: category_code C:\xampp\htdocs\LifeTech_Bazaar\Application\Runtime\Cache\Home\2a94b8bda04ff446dcedd42276fc99ee.php 第 144 行.
NOTIC: [8] Undefined index: category_code C:\xampp\htdocs\LifeTech_Bazaar\Application\Runtime\Cache\Home\2a94b8bda04ff446dcedd42276fc99ee.php 第 145 行.
NOTIC: [8] Undefined index: category_code C:\xampp\htdocs\LifeTech_Bazaar\Application\Runtime\Cache\Home\2a94b8bda04ff446dcedd42276fc99ee.php 第 145 行.
INFO: Run Behavior\ParseTemplateBehavior [ RunTime:0.151687s ]
INFO: [ view_parse ] --END-- [ RunTime:0.151707s ]
INFO: [ view_filter ] --START--
INFO: Run Behavior\WriteHtmlCacheBehavior [ RunTime:0.000546s ]
INFO: [ view_filter ] --END-- [ RunTime:0.000565s ]
INFO: [ app_end ] --START--
INFO: Run Behavior\ShowPageTraceBehavior [ RunTime:0.000724s ]
INFO: [ app_end ] --END-- [ RunTime:0.000746s ]

[ 2023-12-07T01:34:27+08:00 ] ::1 /LifeTech_Bazaar/index.php/Home/Index/checkIsLogin
INFO: [ app_init ] --START--
INFO: Run Behavior\BuildLiteBehavior [ RunTime:0.000007s ]
INFO: [ app_init ] --END-- [ RunTime:0.000340s ]
INFO: [ app_begin ] --START--
INFO: Run Behavior\ReadHtmlCacheBehavior [ RunTime:0.000564s ]
INFO: [ app_begin ] --END-- [ RunTime:0.000596s ]
NOTIC: [8] Undefined index: account C:\xampp\htdocs\LifeTech_Bazaar\Application\Home\Controller\IndexController.class.php 第 207 行.
INFO: [ app_end ] --START--
INFO: Run Behavior\ShowPageTraceBehavior [ RunTime:0.000544s ]
INFO: [ app_end ] --END-- [ RunTime:0.000570s ]

[ 2023-12-07T01:34:36+08:00 ] ::1 /LifeTech_Bazaar/admin.php/Goods/index
INFO: [ app_init ] --START--
INFO: Run Behavior\BuildLiteBehavior [ RunTime:0.000009s ]
INFO: [ app_init ] --END-- [ RunTime:0.000409s ]
INFO: [ app_begin ] --START--
INFO: Run Behavior\ReadHtmlCacheBehavior [ RunTime:0.000719s ]
INFO: [ app_begin ] --END-- [ RunTime:0.000743s ]
NOTIC: [8] Undefined index: title C:\xampp\htdocs\LifeTech_Bazaar\Application\Admin\Controller\GoodsController.class.php 第 8 行.
SQL: SHOW COLUMNS FROM `goods` [ RunTime:0.017925s ]
NOTIC: [8] Undefined variable: data C:\xampp\htdocs\LifeTech_Bazaar\Application\Admin\Controller\GoodsController.class.php 第 11 行.
SQL: SELECT COUNT(*) AS tp_count FROM `goods` LIMIT 1   [ RunTime:0.000349s ]
NOTIC: [8] Undefined variable: data C:\xampp\htdocs\LifeTech_Bazaar\Application\Admin\Controller\GoodsController.class.php 第 16 行.
SQL: SELECT * FROM `goods` ORDER BY id desc LIMIT 0,10   [ RunTime:0.000391s ]
INFO: [ view_parse ] --START--
INFO: [ template_filter ] --START--
INFO: Run Behavior\ContentReplaceBehavior [ RunTime:0.000041s ]
INFO: [ template_filter ] --END-- [ RunTime:0.000069s ]
NOTIC: [8] Undefined index: title C:\xampp\htdocs\LifeTech_Bazaar\Application\Runtime\Cache\Admin\7460c3bd08e8aaf3e719467d6ea19bd3.php 第 43 行.
INFO: Run Behavior\ParseTemplateBehavior [ RunTime:0.051380s ]
INFO: [ view_parse ] --END-- [ RunTime:0.051414s ]
INFO: [ view_filter ] --START--
INFO: Run Behavior\WriteHtmlCacheBehavior [ RunTime:0.000617s ]
INFO: [ view_filter ] --END-- [ RunTime:0.000635s ]
INFO: [ app_end ] --START--
INFO: Run Behavior\ShowPageTraceBehavior [ RunTime:0.000886s ]
INFO: [ app_end ] --END-- [ RunTime:0.000921s ]

[ 2023-12-07T01:34:39+08:00 ] ::1 /LifeTech_Bazaar/admin.php/Category/index
INFO: [ app_init ] --START--
INFO: Run Behavior\BuildLiteBehavior [ RunTime:0.000010s ]
INFO: [ app_init ] --END-- [ RunTime:0.000338s ]
INFO: [ app_begin ] --START--
INFO: Run Behavior\ReadHtmlCacheBehavior [ RunTime:0.000606s ]
INFO: [ app_begin ] --END-- [ RunTime:0.000637s ]
NOTIC: [8] Undefined index: name C:\xampp\htdocs\LifeTech_Bazaar\Application\Admin\Controller\CategoryController.class.php 第 7 行.
SQL: SHOW COLUMNS FROM `category` [ RunTime:0.019170s ]
NOTIC: [8] Undefined variable: data C:\xampp\htdocs\LifeTech_Bazaar\Application\Admin\Controller\CategoryController.class.php 第 9 行.
SQL: SELECT * FROM `category` ORDER BY code   [ RunTime:0.000377s ]
INFO: [ view_parse ] --START--
INFO: [ template_filter ] --START--
INFO: Run Behavior\ContentReplaceBehavior [ RunTime:0.000037s ]
INFO: [ template_filter ] --END-- [ RunTime:0.000068s ]
NOTIC: [8] Undefined index: name C:\xampp\htdocs\LifeTech_Bazaar\Application\Runtime\Cache\Admin\9bfef0f9f473c596f668b6c9a32bfd5c.php 第 44 行.
NOTIC: [8] Undefined variable: page C:\xampp\htdocs\LifeTech_Bazaar\Application\Runtime\Cache\Admin\9bfef0f9f473c596f668b6c9a32bfd5c.php 第 69 行.
INFO: Run Behavior\ParseTemplateBehavior [ RunTime:0.062948s ]
INFO: [ view_parse ] --END-- [ RunTime:0.062983s ]
INFO: [ view_filter ] --START--
INFO: Run Behavior\WriteHtmlCacheBehavior [ RunTime:0.000439s ]
INFO: [ view_filter ] --END-- [ RunTime:0.000456s ]
INFO: [ app_end ] --START--
INFO: Run Behavior\ShowPageTraceBehavior [ RunTime:0.000613s ]
INFO: [ app_end ] --END-- [ RunTime:0.000630s ]

[ 2023-12-07T01:34:40+08:00 ] ::1 /LifeTech_Bazaar/admin.php/GoodsAttr/index
INFO: [ app_init ] --START--
INFO: Run Behavior\BuildLiteBehavior [ RunTime:0.000009s ]
INFO: [ app_init ] --END-- [ RunTime:0.000324s ]
INFO: [ app_begin ] --START--
INFO: Run Behavior\ReadHtmlCacheBehavior [ RunTime:0.000495s ]
INFO: [ app_begin ] --END-- [ RunTime:0.000516s ]
NOTIC: [8] Undefined index: norms C:\xampp\htdocs\LifeTech_Bazaar\Application\Admin\Controller\GoodsAttrController.class.php 第 8 行.
SQL: SHOW COLUMNS FROM `goods_attr` [ RunTime:0.014096s ]
NOTIC: [8] Undefined variable: data C:\xampp\htdocs\LifeTech_Bazaar\Application\Admin\Controller\GoodsAttrController.class.php 第 10 行.
SQL: SELECT COUNT(*) AS tp_count FROM `goods_attr` LIMIT 1   [ RunTime:0.000580s ]
NOTIC: [8] Undefined variable: data C:\xampp\htdocs\LifeTech_Bazaar\Application\Admin\Controller\GoodsAttrController.class.php 第 13 行.
SQL: SELECT * FROM `goods_attr` LIMIT 0,10   [ RunTime:0.000564s ]
INFO: [ view_parse ] --START--
INFO: [ template_filter ] --START--
INFO: Run Behavior\ContentReplaceBehavior [ RunTime:0.000035s ]
INFO: [ template_filter ] --END-- [ RunTime:0.000064s ]
NOTIC: [8] Undefined variable: show C:\xampp\htdocs\LifeTech_Bazaar\Application\Runtime\Cache\Admin\a00b1f02c116aeb1e900341ce6134556.php 第 57 行.
INFO: Run Behavior\ParseTemplateBehavior [ RunTime:0.061113s ]
INFO: [ view_parse ] --END-- [ RunTime:0.061152s ]
INFO: [ view_filter ] --START--
INFO: Run Behavior\WriteHtmlCacheBehavior [ RunTime:0.000578s ]
INFO: [ view_filter ] --END-- [ RunTime:0.000610s ]
INFO: [ app_end ] --START--
INFO: Run Behavior\ShowPageTraceBehavior [ RunTime:0.000725s ]
INFO: [ app_end ] --END-- [ RunTime:0.000746s ]

[ 2023-12-07T01:34:42+08:00 ] ::1 /LifeTech_Bazaar/admin.php/Member/index
INFO: [ app_init ] --START--
INFO: Run Behavior\BuildLiteBehavior [ RunTime:0.000011s ]
INFO: [ app_init ] --END-- [ RunTime:0.000405s ]
INFO: [ app_begin ] --START--
INFO: Run Behavior\ReadHtmlCacheBehavior [ RunTime:0.000598s ]
INFO: [ app_begin ] --END-- [ RunTime:0.000625s ]
SQL: SHOW COLUMNS FROM `member` [ RunTime:0.018592s ]
SQL: SELECT COUNT(*) AS tp_count FROM `member` LIMIT 1   [ RunTime:0.000484s ]
SQL: SELECT * FROM `member` LIMIT 0,10   [ RunTime:0.000579s ]
INFO: [ view_parse ] --START--
INFO: [ template_filter ] --START--
INFO: Run Behavior\ContentReplaceBehavior [ RunTime:0.000034s ]
INFO: [ template_filter ] --END-- [ RunTime:0.000064s ]
INFO: Run Behavior\ParseTemplateBehavior [ RunTime:0.045129s ]
INFO: [ view_parse ] --END-- [ RunTime:0.045185s ]
INFO: [ view_filter ] --START--
INFO: Run Behavior\WriteHtmlCacheBehavior [ RunTime:0.000559s ]
INFO: [ view_filter ] --END-- [ RunTime:0.000591s ]
INFO: [ app_end ] --START--
INFO: Run Behavior\ShowPageTraceBehavior [ RunTime:0.000880s ]
INFO: [ app_end ] --END-- [ RunTime:0.000909s ]

[ 2023-12-07T01:34:47+08:00 ] ::1 /LifeTech_Bazaar/admin.php/Member/mem_bill/member_id/2
INFO: [ app_init ] --START--
INFO: Run Behavior\BuildLiteBehavior [ RunTime:0.000009s ]
INFO: [ app_init ] --END-- [ RunTime:0.000338s ]
INFO: [ app_begin ] --START--
INFO: Run Behavior\ReadHtmlCacheBehavior [ RunTime:0.000577s ]
INFO: [ app_begin ] --END-- [ RunTime:0.000617s ]
SQL: SHOW COLUMNS FROM `bill` [ RunTime:0.019188s ]
SQL: SHOW COLUMNS FROM `member` [ RunTime:0.013665s ]
SQL: SHOW COLUMNS FROM `mem_address` [ RunTime:0.014417s ]
SQL: SELECT COUNT(*) AS tp_count FROM bill bill  JOIN member member ON member.id=bill.member_id  JOIN mem_address mem_address ON mem_address.id=bill.address_id WHERE ( bill.member_id = '2' ) LIMIT 1   [ RunTime:0.000470s ]
SQL: SELECT bill.id AS id,bill.code AS code,bill.member_id AS member_id,bill.money AS money,bill.datetime AS datetime,bill.status AS status,bill.money_reality AS money_reality,bill.pay_way AS pay_way,member.email AS email,member.name AS mem_name,mem_address.phone AS phone,mem_address.tel AS tel,mem_address.city AS city,mem_address.address AS address,mem_address.name AS name,mem_address.zipcode AS zipcode FROM bill bill  JOIN member member ON member.id=bill.member_id  JOIN mem_address mem_address ON mem_address.id=bill.address_id WHERE ( bill.member_id = '2' ) ORDER BY bill.datetime desc LIMIT 0,10   [ RunTime:0.000487s ]
INFO: [ view_parse ] --START--
INFO: [ template_filter ] --START--
INFO: Run Behavior\ContentReplaceBehavior [ RunTime:0.000042s ]
INFO: [ template_filter ] --END-- [ RunTime:0.000072s ]
SQL: SELECT `name` FROM `member` WHERE ( id=2 ) LIMIT 1   [ RunTime:0.000650s ]
NOTIC: [8] Undefined variable: page C:\xampp\htdocs\LifeTech_Bazaar\Application\Runtime\Cache\Admin\a90b14d0e2df51ad1941cadd9f551716.php 第 96 行.
INFO: Run Behavior\ParseTemplateBehavior [ RunTime:0.113004s ]
INFO: [ view_parse ] --END-- [ RunTime:0.113029s ]
INFO: [ view_filter ] --START--
INFO: Run Behavior\WriteHtmlCacheBehavior [ RunTime:0.000669s ]
INFO: [ view_filter ] --END-- [ RunTime:0.000700s ]
INFO: [ app_end ] --START--
INFO: Run Behavior\ShowPageTraceBehavior [ RunTime:0.000676s ]
INFO: [ app_end ] --END-- [ RunTime:0.000694s ]

[ 2023-12-07T01:34:52+08:00 ] ::1 /LifeTech_Bazaar/admin.php/User/index
INFO: [ app_init ] --START--
INFO: Run Behavior\BuildLiteBehavior [ RunTime:0.000010s ]
INFO: [ app_init ] --END-- [ RunTime:0.000340s ]
INFO: [ app_begin ] --START--
INFO: Run Behavior\ReadHtmlCacheBehavior [ RunTime:0.000516s ]
INFO: [ app_begin ] --END-- [ RunTime:0.000541s ]
SQL: SHOW COLUMNS FROM `auth_user` [ RunTime:0.016047s ]
SQL: SELECT auth_user.id AS id,auth_user.name AS username FROM auth_user auth_user  [ RunTime:0.000398s ]
INFO: [ view_parse ] --START--
INFO: [ template_filter ] --START--
INFO: Run Behavior\ContentReplaceBehavior [ RunTime:0.000031s ]
INFO: [ template_filter ] --END-- [ RunTime:0.000055s ]
INFO: Run Behavior\ParseTemplateBehavior [ RunTime:0.060797s ]
INFO: [ view_parse ] --END-- [ RunTime:0.060865s ]
INFO: [ view_filter ] --START--
INFO: Run Behavior\WriteHtmlCacheBehavior [ RunTime:0.000650s ]
INFO: [ view_filter ] --END-- [ RunTime:0.000684s ]
INFO: [ app_end ] --START--
INFO: Run Behavior\ShowPageTraceBehavior [ RunTime:0.000951s ]
INFO: [ app_end ] --END-- [ RunTime:0.000981s ]

[ 2023-12-07T01:34:57+08:00 ] ::1 /LifeTech_Bazaar/admin.php/Member/index
INFO: [ app_init ] --START--
INFO: Run Behavior\BuildLiteBehavior [ RunTime:0.000010s ]
INFO: [ app_init ] --END-- [ RunTime:0.000383s ]
INFO: [ app_begin ] --START--
INFO: Run Behavior\ReadHtmlCacheBehavior [ RunTime:0.000667s ]
INFO: [ app_begin ] --END-- [ RunTime:0.000705s ]
SQL: SHOW COLUMNS FROM `member` [ RunTime:0.027248s ]
SQL: SELECT COUNT(*) AS tp_count FROM `member` LIMIT 1   [ RunTime:0.000435s ]
SQL: SELECT * FROM `member` LIMIT 0,10   [ RunTime:0.000312s ]
INFO: [ view_parse ] --START--
INFO: [ template_filter ] --START--
INFO: Run Behavior\ContentReplaceBehavior [ RunTime:0.000032s ]
INFO: [ template_filter ] --END-- [ RunTime:0.000056s ]
INFO: Run Behavior\ParseTemplateBehavior [ RunTime:0.006320s ]
INFO: [ view_parse ] --END-- [ RunTime:0.006357s ]
INFO: [ view_filter ] --START--
INFO: Run Behavior\WriteHtmlCacheBehavior [ RunTime:0.000517s ]
INFO: [ view_filter ] --END-- [ RunTime:0.000558s ]
INFO: [ app_end ] --START--
INFO: Run Behavior\ShowPageTraceBehavior [ RunTime:0.000783s ]
INFO: [ app_end ] --END-- [ RunTime:0.000813s ]

[ 2023-12-07T01:35:03+08:00 ] ::1 /LifeTech_Bazaar/admin.php/User/index
INFO: [ app_init ] --START--
INFO: Run Behavior\BuildLiteBehavior [ RunTime:0.000009s ]
INFO: [ app_init ] --END-- [ RunTime:0.000337s ]
INFO: [ app_begin ] --START--
INFO: Run Behavior\ReadHtmlCacheBehavior [ RunTime:0.000501s ]
INFO: [ app_begin ] --END-- [ RunTime:0.000522s ]
SQL: SHOW COLUMNS FROM `auth_user` [ RunTime:0.014965s ]
SQL: SELECT auth_user.id AS id,auth_user.name AS username FROM auth_user auth_user  [ RunTime:0.000486s ]
INFO: [ view_parse ] --START--
INFO: [ template_filter ] --START--
INFO: Run Behavior\ContentReplaceBehavior [ RunTime:0.000033s ]
INFO: [ template_filter ] --END-- [ RunTime:0.000062s ]
INFO: Run Behavior\ParseTemplateBehavior [ RunTime:0.006760s ]
INFO: [ view_parse ] --END-- [ RunTime:0.006798s ]
INFO: [ view_filter ] --START--
INFO: Run Behavior\WriteHtmlCacheBehavior [ RunTime:0.000345s ]
INFO: [ view_filter ] --END-- [ RunTime:0.000362s ]
INFO: [ app_end ] --START--
INFO: Run Behavior\ShowPageTraceBehavior [ RunTime:0.000600s ]
INFO: [ app_end ] --END-- [ RunTime:0.000618s ]

[ 2023-12-07T01:35:12+08:00 ] ::1 /LifeTech_Bazaar/admin.php/Member/index
INFO: [ app_init ] --START--
INFO: Run Behavior\BuildLiteBehavior [ RunTime:0.000011s ]
INFO: [ app_init ] --END-- [ RunTime:0.000379s ]
INFO: [ app_begin ] --START--
INFO: Run Behavior\ReadHtmlCacheBehavior [ RunTime:0.000568s ]
INFO: [ app_begin ] --END-- [ RunTime:0.000596s ]
SQL: SHOW COLUMNS FROM `member` [ RunTime:0.016172s ]
SQL: SELECT COUNT(*) AS tp_count FROM `member` LIMIT 1   [ RunTime:0.000415s ]
SQL: SELECT * FROM `member` LIMIT 0,10   [ RunTime:0.000450s ]
INFO: [ view_parse ] --START--
INFO: [ template_filter ] --START--
INFO: Run Behavior\ContentReplaceBehavior [ RunTime:0.000032s ]
INFO: [ template_filter ] --END-- [ RunTime:0.000064s ]
INFO: Run Behavior\ParseTemplateBehavior [ RunTime:0.007312s ]
INFO: [ view_parse ] --END-- [ RunTime:0.007371s ]
INFO: [ view_filter ] --START--
INFO: Run Behavior\WriteHtmlCacheBehavior [ RunTime:0.000558s ]
INFO: [ view_filter ] --END-- [ RunTime:0.000591s ]
INFO: [ app_end ] --START--
INFO: Run Behavior\ShowPageTraceBehavior [ RunTime:0.000862s ]
INFO: [ app_end ] --END-- [ RunTime:0.000893s ]

[ 2023-12-07T01:35:17+08:00 ] ::1 /LifeTech_Bazaar/admin.php/User/index
INFO: [ app_init ] --START--
INFO: Run Behavior\BuildLiteBehavior [ RunTime:0.000010s ]
INFO: [ app_init ] --END-- [ RunTime:0.000412s ]
INFO: [ app_begin ] --START--
INFO: Run Behavior\ReadHtmlCacheBehavior [ RunTime:0.000534s ]
INFO: [ app_begin ] --END-- [ RunTime:0.000559s ]
SQL: SHOW COLUMNS FROM `auth_user` [ RunTime:0.015036s ]
SQL: SELECT auth_user.id AS id,auth_user.name AS username FROM auth_user auth_user  [ RunTime:0.000412s ]
INFO: [ view_parse ] --START--
INFO: [ template_filter ] --START--
INFO: Run Behavior\ContentReplaceBehavior [ RunTime:0.000031s ]
INFO: [ template_filter ] --END-- [ RunTime:0.000053s ]
INFO: Run Behavior\ParseTemplateBehavior [ RunTime:0.006580s ]
INFO: [ view_parse ] --END-- [ RunTime:0.006630s ]
INFO: [ view_filter ] --START--
INFO: Run Behavior\WriteHtmlCacheBehavior [ RunTime:0.000424s ]
INFO: [ view_filter ] --END-- [ RunTime:0.000442s ]
INFO: [ app_end ] --START--
INFO: Run Behavior\ShowPageTraceBehavior [ RunTime:0.000611s ]
INFO: [ app_end ] --END-- [ RunTime:0.000629s ]

[ 2023-12-07T01:35:19+08:00 ] ::1 /LifeTech_Bazaar/admin.php/Bill/index
INFO: [ app_init ] --START--
INFO: Run Behavior\BuildLiteBehavior [ RunTime:0.000010s ]
INFO: [ app_init ] --END-- [ RunTime:0.000384s ]
INFO: [ app_begin ] --START--
INFO: Run Behavior\ReadHtmlCacheBehavior [ RunTime:0.000546s ]
INFO: [ app_begin ] --END-- [ RunTime:0.000573s ]
NOTIC: [8] Undefined index: code C:\xampp\htdocs\LifeTech_Bazaar\Application\Admin\Controller\BillController.class.php 第 8 行.
NOTIC: [8] Undefined variable: data C:\xampp\htdocs\LifeTech_Bazaar\Application\Admin\Controller\BillController.class.php 第 9 行.
SQL: SHOW COLUMNS FROM `bill` [ RunTime:0.017876s ]
SQL: SHOW COLUMNS FROM `member` [ RunTime:0.015517s ]
SQL: SHOW COLUMNS FROM `mem_address` [ RunTime:0.015360s ]
SQL: SELECT COUNT(*) AS tp_count FROM bill bill  JOIN member member ON member.id=bill.member_id  JOIN mem_address mem_address ON mem_address.id=bill.address_id LIMIT 1   [ RunTime:0.000507s ]
NOTIC: [8] Undefined variable: data C:\xampp\htdocs\LifeTech_Bazaar\Application\Admin\Controller\BillController.class.php 第 14 行.
SQL: SELECT bill.id AS id,bill.code AS code,bill.member_id AS member_id,bill.money AS money,bill.datetime AS datetime,bill.status AS status,bill.money_reality AS money_reality,bill.pay_way AS pay_way,member.email AS email,member.name AS mem_name,mem_address.phone AS phone,mem_address.tel AS tel,mem_address.city AS city,mem_address.address AS address,mem_address.name AS name,mem_address.zipcode AS zipcode FROM bill bill  JOIN member member ON member.id=bill.member_id  JOIN mem_address mem_address ON mem_address.id=bill.address_id ORDER BY bill.datetime desc LIMIT 0,10   [ RunTime:0.000568s ]
INFO: [ view_parse ] --START--
INFO: [ template_filter ] --START--
INFO: Run Behavior\ContentReplaceBehavior [ RunTime:0.000039s ]
INFO: [ template_filter ] --END-- [ RunTime:0.000070s ]
NOTIC: [8] Undefined index: code C:\xampp\htdocs\LifeTech_Bazaar\Application\Runtime\Cache\Admin\1f3ce9fcf8cbe41e34ff95a4866cdd68.php 第 44 行.
NOTIC: [8] Undefined variable: page C:\xampp\htdocs\LifeTech_Bazaar\Application\Runtime\Cache\Admin\1f3ce9fcf8cbe41e34ff95a4866cdd68.php 第 107 行.
INFO: Run Behavior\ParseTemplateBehavior [ RunTime:0.075004s ]
INFO: [ view_parse ] --END-- [ RunTime:0.075039s ]
INFO: [ view_filter ] --START--
INFO: Run Behavior\WriteHtmlCacheBehavior [ RunTime:0.000457s ]
INFO: [ view_filter ] --END-- [ RunTime:0.000477s ]
INFO: [ app_end ] --START--
INFO: Run Behavior\ShowPageTraceBehavior [ RunTime:0.000755s ]
INFO: [ app_end ] --END-- [ RunTime:0.000774s ]

[ 2023-12-07T02:59:39+08:00 ] ::1 /LifeTech_Bazaar/admin.php/Member/index
INFO: [ app_init ] --START--
INFO: Run Behavior\BuildLiteBehavior [ RunTime:0.000009s ]
INFO: [ app_init ] --END-- [ RunTime:0.000450s ]
INFO: [ app_begin ] --START--
INFO: Run Behavior\ReadHtmlCacheBehavior [ RunTime:0.000719s ]
INFO: [ app_begin ] --END-- [ RunTime:0.000746s ]
SQL: SHOW COLUMNS FROM `member` [ RunTime:0.010954s ]
SQL: SELECT COUNT(*) AS tp_count FROM `member` LIMIT 1   [ RunTime:0.000266s ]
SQL: SELECT * FROM `member` LIMIT 0,10   [ RunTime:0.000352s ]
INFO: [ view_parse ] --START--
INFO: [ template_filter ] --START--
INFO: Run Behavior\ContentReplaceBehavior [ RunTime:0.000029s ]
INFO: [ template_filter ] --END-- [ RunTime:0.000054s ]
INFO: Run Behavior\ParseTemplateBehavior [ RunTime:0.029470s ]
INFO: [ view_parse ] --END-- [ RunTime:0.029517s ]
INFO: [ view_filter ] --START--
INFO: Run Behavior\WriteHtmlCacheBehavior [ RunTime:0.000833s ]
INFO: [ view_filter ] --END-- [ RunTime:0.000864s ]
INFO: [ app_end ] --START--
INFO: Run Behavior\ShowPageTraceBehavior [ RunTime:0.000858s ]
INFO: [ app_end ] --END-- [ RunTime:0.000880s ]

